TN:
SF:script/DeployApexVesting.s.sol
DA:9,0
FN:9,DeployApexVesting.run
FNDA:0,DeployApexVesting.run
DA:10,0
DA:11,0
DA:13,0
DA:16,0
DA:17,0
DA:20,0
DA:21,0
DA:24,0
DA:25,0
DA:26,0
DA:29,0
DA:30,0
DA:31,0
DA:34,0
DA:35,0
DA:36,0
DA:37,0
DA:38,0
DA:40,0
DA:41,0
DA:43,0
FNF:1
FNH:0
LF:22
LH:0
BRF:0
BRH:0
end_of_record
TN:
SF:src/contracts/ApexV2ERC20.sol
DA:67,0
FN:67,ApexV2ERC20.constructor
FNDA:0,ApexV2ERC20.constructor
DA:68,0
DA:69,0
DA:72,0
FN:72,ApexV2ERC20.DOMAIN_SEPARATOR
FNDA:0,ApexV2ERC20.DOMAIN_SEPARATOR
DA:73,0
BRDA:73,0,0,-
DA:74,0
DA:76,0
DA:79,0
FN:79,ApexV2ERC20._buildDomainSeparator
FNDA:0,ApexV2ERC20._buildDomainSeparator
DA:80,0
DA:92,0
FN:92,ApexV2ERC20._mint
FNDA:0,ApexV2ERC20._mint
DA:93,0
DA:94,0
DA:96,0
DA:99,0
FN:99,ApexV2ERC20._burn
FNDA:0,ApexV2ERC20._burn
DA:100,0
BRDA:100,1,0,-
DA:102,0
DA:103,0
DA:105,0
DA:108,0
FN:108,ApexV2ERC20._transfer
FNDA:0,ApexV2ERC20._transfer
DA:109,0
BRDA:109,2,0,-
DA:111,0
DA:112,0
DA:114,0
DA:117,0
FN:117,ApexV2ERC20.approve
FNDA:0,ApexV2ERC20.approve
DA:122,0
BRDA:122,3,0,-
DA:124,0
DA:126,0
DA:128,0
DA:131,0
FN:131,ApexV2ERC20.transfer
FNDA:0,ApexV2ERC20.transfer
DA:136,0
DA:137,0
DA:140,0
FN:140,ApexV2ERC20.transferFrom
FNDA:0,ApexV2ERC20.transferFrom
DA:145,0
DA:147,0
BRDA:147,4,0,-
DA:148,0
DA:150,0
DA:153,0
DA:155,0
DA:158,0
FN:158,ApexV2ERC20.permit
FNDA:0,ApexV2ERC20.permit
DA:168,0
BRDA:168,5,0,-
DA:169,0
BRDA:169,6,0,-
DA:170,0
BRDA:170,7,0,-
DA:172,0
DA:174,0
DA:175,0
DA:192,0
DA:194,0
DA:195,0
BRDA:195,8,0,-
DA:197,0
DA:198,0
DA:200,0
FNF:10
FNH:0
LF:51
LH:0
BRF:9
BRH:0
end_of_record
TN:
SF:src/contracts/ApexV2Factory.sol
DA:24,0
FN:24,ApexV2Factory.constructor
FNDA:0,ApexV2Factory.constructor
DA:25,0
DA:30,0
FN:30,ApexV2Factory.allPairsLength
FNDA:0,ApexV2Factory.allPairsLength
DA:35,0
DA:40,0
FN:40,ApexV2Factory.createPair
FNDA:0,ApexV2Factory.createPair
DA:48,0
BRDA:48,0,0,-
BRDA:48,0,1,-
DA:54,0
BRDA:54,1,0,-
BRDA:54,1,1,-
DA:62,0
DA:66,0
DA:74,0
BRDA:74,2,0,-
BRDA:74,2,1,-
DA:81,0
DA:82,0
DA:86,0
DA:92,0
DA:96,0
DA:97,0
DA:100,0
DA:104,0
DA:116,0
FN:116,ApexV2Factory.setFeeTo
FNDA:0,ApexV2Factory.setFeeTo
DA:121,0
BRDA:121,3,0,-
BRDA:121,3,1,-
DA:126,0
DA:131,0
FN:131,ApexV2Factory.setFeeToSetter
FNDA:0,ApexV2Factory.setFeeToSetter
DA:136,0
BRDA:136,4,0,-
BRDA:136,4,1,-
DA:141,0
FNF:5
FNH:0
LF:24
LH:0
BRF:10
BRH:0
end_of_record
TN:
SF:src/contracts/ApexV2Pair.sol
DA:47,0
FN:47,ApexV2Pair.lock
FNDA:0,ApexV2Pair.lock
DA:48,0
BRDA:48,0,0,-
DA:49,0
DA:51,0
DA:54,0
FN:54,ApexV2Pair.constructor
FNDA:0,ApexV2Pair.constructor
DA:55,0
DA:58,0
FN:58,ApexV2Pair.initialize
FNDA:0,ApexV2Pair.initialize
DA:59,0
BRDA:59,1,0,-
DA:60,0
BRDA:60,2,0,-
DA:61,0
DA:62,0
DA:63,0
DA:66,0
FN:66,ApexV2Pair.getReserves
FNDA:0,ApexV2Pair.getReserves
DA:67,0
DA:70,0
FN:70,ApexV2Pair._safeTransfer
FNDA:0,ApexV2Pair._safeTransfer
DA:71,0
DA:72,0
BRDA:72,3,0,-
DA:73,0
DA:77,0
FN:77,ApexV2Pair._update
FNDA:0,ApexV2Pair._update
DA:78,0
BRDA:78,4,0,-
DA:79,0
DA:80,0
DA:81,0
BRDA:81,5,0,-
DA:82,0
DA:83,0
DA:85,0
DA:86,0
DA:87,0
DA:88,0
DA:91,0
FN:91,ApexV2Pair._mintFee
FNDA:0,ApexV2Pair._mintFee
DA:92,0
DA:93,0
DA:94,0
DA:95,0
BRDA:95,6,0,-
BRDA:95,6,1,-
DA:96,0
BRDA:96,7,0,-
DA:97,0
DA:98,0
DA:99,0
BRDA:99,8,0,-
DA:100,0
DA:101,0
DA:102,0
DA:103,0
BRDA:103,9,0,-
DA:106,0
BRDA:106,10,0,-
DA:107,0
DA:111,0
FN:111,ApexV2Pair.mint
FNDA:0,ApexV2Pair.mint
DA:112,0
DA:113,0
DA:114,0
DA:115,0
DA:116,0
DA:118,0
DA:119,0
DA:120,0
BRDA:120,11,0,-
BRDA:120,11,1,-
DA:121,0
DA:122,0
BRDA:122,12,0,-
DA:123,0
DA:124,0
DA:126,0
DA:128,0
BRDA:128,13,0,-
DA:129,0
DA:130,0
DA:131,0
BRDA:131,14,0,-
DA:132,0
DA:135,0
FN:135,ApexV2Pair.burn
FNDA:0,ApexV2Pair.burn
DA:136,0
DA:137,0
DA:138,0
DA:139,0
DA:141,0
DA:142,0
DA:143,0
DA:144,0
DA:146,0
BRDA:146,15,0,-
DA:147,0
DA:148,0
DA:149,0
DA:150,0
DA:151,0
DA:152,0
DA:153,0
BRDA:153,16,0,-
DA:154,0
DA:157,0
FN:157,ApexV2Pair.swap
FNDA:0,ApexV2Pair.swap
DA:158,0
BRDA:158,17,0,-
DA:159,0
DA:160,0
BRDA:160,18,0,-
DA:162,0
DA:163,0
DA:164,0
BRDA:164,19,0,-
DA:166,0
BRDA:166,20,0,-
DA:167,0
BRDA:167,21,0,-
DA:170,0
BRDA:170,22,0,-
DA:171,0
DA:174,0
DA:175,0
DA:176,0
DA:177,0
DA:178,0
BRDA:178,23,0,-
DA:180,0
DA:181,0
DA:182,0
BRDA:182,24,0,-
DA:184,0
DA:185,0
DA:188,0
FN:188,ApexV2Pair.skim
FNDA:0,ApexV2Pair.skim
DA:189,0
DA:190,0
DA:193,0
FN:193,ApexV2Pair.sync
FNDA:0,ApexV2Pair.sync
DA:194,0
FNF:12
FNH:0
LF:107
LH:0
BRF:27
BRH:0
end_of_record
TN:
SF:src/contracts/ApexV2Router.sol
DA:17,0
FN:17,ApexV2Router.ensure
FNDA:0,ApexV2Router.ensure
DA:19,0
BRDA:19,0,0,-
BRDA:19,0,1,-
DA:28,0
FN:28,ApexV2Router.constructor
FNDA:0,ApexV2Router.constructor
DA:33,0
BRDA:33,1,0,-
BRDA:33,1,1,-
DA:38,0
BRDA:38,2,0,-
BRDA:38,2,1,-
DA:44,0
DA:45,0
DA:50,0
FN:50,ApexV2Router.receive
FNDA:0,ApexV2Router.receive
DA:54,0
BRDA:54,3,0,-
BRDA:54,3,1,-
DA:64,0
FN:64,ApexV2Router.addLiquidity
FNDA:0,ApexV2Router.addLiquidity
DA:83,0
BRDA:83,4,0,-
BRDA:83,4,1,-
DA:89,0
BRDA:89,5,0,-
BRDA:89,5,1,-
DA:98,0
DA:99,0
DA:105,0
DA:106,0
BRDA:106,6,0,-
DA:107,0
DA:116,0
DA:121,0
DA:129,0
BRDA:129,7,1,-
DA:130,0
DA:132,0
DA:134,0
BRDA:134,7,0,-
DA:135,0
DA:136,0
DA:140,0
DA:141,0
DA:148,0
BRDA:148,8,1,-
DA:149,0
BRDA:149,8,0,-
DA:150,0
BRDA:150,9,0,-
BRDA:150,9,1,-
DA:155,0
DA:156,0
DA:160,0
DA:161,0
DA:168,0
BRDA:168,10,0,-
BRDA:168,10,1,-
DA:174,0
BRDA:174,11,0,-
BRDA:174,11,1,-
DA:180,0
DA:181,0
DA:187,0
DA:195,0
DA:203,0
DA:212,0
FN:212,ApexV2Router.addLiquidityETH
FNDA:0,ApexV2Router.addLiquidityETH
DA:230,0
BRDA:230,12,0,-
BRDA:230,12,1,-
DA:236,0
DA:237,0
DA:243,0
DA:244,0
BRDA:244,13,0,-
DA:245,0
DA:254,0
DA:255,0
DA:258,0
BRDA:258,14,0,-
BRDA:258,14,1,-
DA:264,0
BRDA:264,15,0,-
BRDA:264,15,1,-
DA:271,0
DA:279,0
DA:284,0
DA:291,0
DA:294,0
FN:294,ApexV2Router.removeLiquidity
FNDA:0,ApexV2Router.removeLiquidity
DA:310,0
DA:311,0
DA:318,0
BRDA:318,16,0,-
BRDA:318,16,1,-
DA:324,0
DA:331,0
DA:335,0
DA:340,0
DA:341,0
DA:346,0
BRDA:346,17,1,-
DA:347,0
BRDA:347,17,0,-
DA:348,0
DA:349,0
DA:353,0
DA:354,0
DA:358,0
BRDA:358,18,0,-
BRDA:358,18,1,-
DA:364,0
BRDA:364,19,0,-
BRDA:364,19,1,-
DA:373,0
FN:373,ApexV2Router.removeLiquidityETH
FNDA:0,ApexV2Router.removeLiquidityETH
DA:388,0
DA:404,0
DA:411,0
DA:416,0
DA:417,0
DA:424,0
BRDA:424,20,0,-
BRDA:424,20,1,-
DA:433,0
FN:433,ApexV2Router.swapExactTokensForTokens
FNDA:0,ApexV2Router.swapExactTokensForTokens
DA:447,0
BRDA:447,21,0,-
BRDA:447,21,1,-
DA:453,0
DA:461,0
BRDA:461,22,0,-
BRDA:461,22,1,-
DA:468,0
DA:469,0
DA:476,0
BRDA:476,23,0,-
BRDA:476,23,1,-
DA:482,0
DA:490,0
DA:500,0
FN:500,ApexV2Router.swapExactETHForTokens
FNDA:0,ApexV2Router.swapExactETHForTokens
DA:514,0
BRDA:514,24,0,-
BRDA:514,24,1,-
DA:520,0
BRDA:520,25,0,-
BRDA:520,25,1,-
DA:526,0
DA:534,0
BRDA:534,26,0,-
BRDA:534,26,1,-
DA:541,0
DA:546,0
DA:547,0
DA:554,0
DA:561,0
DA:567,0
FN:567,ApexV2Router.swapExactTokensForETH
FNDA:0,ApexV2Router.swapExactTokensForETH
DA:581,0
BRDA:581,27,0,-
BRDA:581,27,1,-
DA:587,0
BRDA:587,28,0,-
BRDA:587,28,1,-
DA:593,0
DA:601,0
BRDA:601,29,0,-
BRDA:601,29,1,-
DA:607,0
DA:608,0
DA:615,0
DA:623,0
DA:630,0
DA:631,0
DA:636,0
DA:641,0
DA:642,0
DA:649,0
BRDA:649,30,0,-
BRDA:649,30,1,-
DA:659,0
FN:659,ApexV2Router._swap
FNDA:0,ApexV2Router._swap
DA:668,0
DA:669,0
DA:670,0
DA:674,0
DA:678,0
DA:683,0
DA:684,0
DA:691,0
BRDA:691,31,0,-
BRDA:691,31,1,-
DA:698,0
DA:703,0
DA:717,0
DA:722,0
DA:723,0
DA:727,0
BRDA:727,32,1,-
DA:728,0
BRDA:728,32,0,-
DA:729,0
DA:730,0
DA:734,0
DA:735,0
DA:740,0
DA:744,0
BRDA:744,33,1,-
DA:745,0
DA:747,0
BRDA:747,33,0,-
DA:749,0
DA:757,0
BRDA:757,34,0,-
BRDA:757,34,1,-
DA:766,0
DA:772,0
DA:785,0
FN:785,ApexV2Router._transferFrom
FNDA:0,ApexV2Router._transferFrom
DA:794,0
DA:799,0
DA:809,0
BRDA:809,35,0,-
BRDA:809,35,1,-
DA:815,0
BRDA:815,36,0,-
BRDA:815,36,1,-
DA:821,0
BRDA:821,37,0,-
BRDA:821,37,1,-
DA:833,0
FN:833,ApexV2Router._safeTransfer
FNDA:0,ApexV2Router._safeTransfer
DA:841,0
DA:846,0
DA:855,0
BRDA:855,38,0,-
BRDA:855,38,1,-
FNF:13
FNH:0
LF:152
LH:0
BRF:76
BRH:0
end_of_record
TN:
SF:src/contracts/governance/Governor.sol
DA:40,0
FN:40,ApexGovernor.votingDelay
FNDA:0,ApexGovernor.votingDelay
DA:49,0
DA:54,0
FN:54,ApexGovernor.votingPeriod
FNDA:0,ApexGovernor.votingPeriod
DA:63,0
DA:68,0
FN:68,ApexGovernor.proposalThreshold
FNDA:0,ApexGovernor.proposalThreshold
DA:77,0
DA:82,0
FN:82,ApexGovernor.quorum
FNDA:0,ApexGovernor.quorum
DA:93,0
DA:98,0
FN:98,ApexGovernor.state
FNDA:0,ApexGovernor.state
DA:109,0
DA:114,0
FN:114,ApexGovernor.proposalNeedsQueuing
FNDA:0,ApexGovernor.proposalNeedsQueuing
DA:125,0
DA:130,0
FN:130,ApexGovernor._queueOperations
FNDA:0,ApexGovernor._queueOperations
DA:144,0
DA:155,0
FN:155,ApexGovernor._executeOperations
FNDA:0,ApexGovernor._executeOperations
DA:168,0
DA:179,0
FN:179,ApexGovernor._cancel
FNDA:0,ApexGovernor._cancel
DA:192,0
DA:202,0
FN:202,ApexGovernor._executor
FNDA:0,ApexGovernor._executor
DA:211,0
DA:216,0
FN:216,ApexGovernor.supportsInterface
FNDA:0,ApexGovernor.supportsInterface
DA:226,0
FNF:11
FNH:0
LF:22
LH:0
BRF:0
BRH:0
end_of_record
TN:
SF:src/contracts/governance/VotingToken.sol
DA:15,0
FN:15,VotingToken.constructor
FNDA:0,VotingToken.constructor
DA:24,0
DA:32,0
FN:32,VotingToken.clock
FNDA:0,VotingToken.clock
DA:38,0
DA:45,0
FN:45,VotingToken.CLOCK_MODE
FNDA:0,VotingToken.CLOCK_MODE
DA:51,0
DA:56,0
FN:56,VotingToken._update
FNDA:0,VotingToken._update
DA:67,0
DA:76,0
FN:76,VotingToken.nonces
FNDA:0,VotingToken.nonces
DA:87,0
FNF:5
FNH:0
LF:10
LH:0
BRF:0
BRH:0
end_of_record
TN:
SF:src/contracts/launch/ApexLaunchController.sol
DA:146,0
FN:146,ApexLaunchController.onlyOwner
FNDA:0,ApexLaunchController.onlyOwner
DA:148,0
BRDA:148,0,0,-
BRDA:148,0,1,-
DA:164,0
FN:164,ApexLaunchController.constructor
FNDA:0,ApexLaunchController.constructor
DA:172,0
BRDA:172,1,0,-
BRDA:172,1,1,-
DA:178,0
BRDA:178,2,0,-
BRDA:178,2,1,-
DA:184,0
BRDA:184,3,0,-
BRDA:184,3,1,-
DA:190,0
BRDA:190,4,0,-
BRDA:190,4,1,-
DA:196,0
DA:200,0
DA:204,0
DA:208,0
DA:212,0
DA:225,0
FN:225,ApexLaunchController.launch
FNDA:0,ApexLaunchController.launch
DA:236,0
BRDA:236,5,0,-
BRDA:236,5,1,-
DA:242,0
BRDA:242,6,0,-
BRDA:242,6,1,-
DA:248,0
BRDA:248,7,0,-
BRDA:248,7,1,-
DA:254,0
BRDA:254,8,0,-
BRDA:254,8,1,-
DA:260,0
BRDA:260,9,0,-
BRDA:260,9,1,-
DA:266,0
BRDA:266,10,0,-
BRDA:266,10,1,-
DA:277,0
BRDA:277,11,0,-
BRDA:277,11,1,-
DA:292,0
DA:298,0
DA:314,0
BRDA:314,12,0,-
BRDA:314,12,1,-
DA:323,0
DA:333,0
BRDA:333,13,0,-
BRDA:333,13,1,-
DA:340,0
DA:345,0
DA:362,0
FN:362,ApexLaunchController.createVesting
FNDA:0,ApexLaunchController.createVesting
DA:373,0
BRDA:373,14,0,-
BRDA:373,14,1,-
DA:379,0
BRDA:379,15,0,-
BRDA:379,15,1,-
DA:386,0
DA:397,0
DA:414,0
FN:414,ApexLaunchController.transferOwnership
FNDA:0,ApexLaunchController.transferOwnership
DA:422,0
BRDA:422,16,0,-
BRDA:422,16,1,-
DA:429,0
DA:436,0
FNF:5
FNH:0
LF:36
LH:0
BRF:34
BRH:0
end_of_record
TN:
SF:src/contracts/launch/ApexLiquidityLocker.sol
DA:64,0
FN:64,ApexLiquidityLocker.constructor
FNDA:0,ApexLiquidityLocker.constructor
DA:69,0
BRDA:69,0,0,-
BRDA:69,0,1,-
DA:75,0
DA:79,0
DA:89,0
FN:89,ApexLiquidityLocker.onlyOwner
FNDA:0,ApexLiquidityLocker.onlyOwner
DA:93,0
DA:95,0
BRDA:95,1,0,-
DA:96,0
DA:110,0
FN:110,ApexLiquidityLocker.lock
FNDA:0,ApexLiquidityLocker.lock
DA:119,0
BRDA:119,2,0,-
DA:120,0
DA:125,0
BRDA:125,3,0,-
BRDA:125,3,1,-
DA:131,0
BRDA:131,4,0,-
BRDA:131,4,1,-
DA:138,0
DA:139,0
DA:146,0
DA:147,0
BRDA:147,5,0,-
DA:148,0
DA:153,0
DA:157,0
DA:161,0
DA:173,0
FN:173,ApexLiquidityLocker.withdraw
FNDA:0,ApexLiquidityLocker.withdraw
DA:178,0
DA:179,0
BRDA:179,6,0,-
DA:180,0
DA:186,0
DA:189,0
BRDA:189,7,0,-
DA:190,0
DA:196,0
DA:201,0
DA:204,0
DA:208,0
DA:209,0
DA:216,0
DA:217,0
BRDA:217,8,0,-
DA:218,0
DA:229,0
FN:229,ApexLiquidityLocker.getLockedAmount
FNDA:0,ApexLiquidityLocker.getLockedAmount
DA:235,0
FNF:5
FNH:0
LF:38
LH:0
BRF:12
BRH:0
end_of_record
TN:
SF:src/contracts/launch/ApexVesting.sol
DA:27,0
FN:27,ApexVesting.onlyOperator
FNDA:0,ApexVesting.onlyOperator
DA:28,0
BRDA:28,0,0,-
BRDA:28,0,1,-
DA:32,0
FN:32,ApexVesting.constructor
FNDA:0,ApexVesting.constructor
DA:33,0
BRDA:33,1,0,-
BRDA:33,1,1,-
DA:34,0
DA:37,0
FN:37,ApexVesting.setOperator
FNDA:0,ApexVesting.setOperator
DA:38,0
BRDA:38,2,0,-
BRDA:38,2,1,-
DA:39,0
DA:40,0
DA:43,0
FN:43,ApexVesting.createVesting
FNDA:0,ApexVesting.createVesting
DA:50,0
BRDA:50,3,0,-
BRDA:50,3,1,-
DA:51,0
BRDA:51,4,0,-
BRDA:51,4,1,-
DA:52,0
BRDA:52,5,0,-
BRDA:52,5,1,-
DA:53,0
BRDA:53,6,0,-
BRDA:53,6,1,-
DA:55,0
DA:63,0
DA:66,0
FN:66,ApexVesting.claim
FNDA:0,ApexVesting.claim
DA:67,0
DA:69,0
BRDA:69,7,0,-
BRDA:69,7,1,-
DA:71,0
DA:73,0
BRDA:73,8,0,-
BRDA:73,8,1,-
DA:75,0
DA:77,0
BRDA:77,9,0,-
BRDA:77,9,1,-
DA:79,0
DA:82,0
FN:82,ApexVesting.claimable
FNDA:0,ApexVesting.claimable
DA:83,0
DA:85,0
BRDA:85,10,0,-
DA:86,0
DA:89,0
DA:91,0
BRDA:91,11,0,-
BRDA:91,11,1,-
DA:92,0
DA:94,0
DA:95,0
DA:98,0
DA:101,0
FN:101,ApexVesting.getSchedule
FNDA:0,ApexVesting.getSchedule
DA:102,0
FNF:7
FNH:0
LF:36
LH:0
BRF:23
BRH:0
end_of_record
TN:
SF:src/contracts/libraries/ApexMath.sol
DA:11,0
FN:11,ApexMath.min
FNDA:0,ApexMath.min
DA:20,0
DA:37,0
FN:37,ApexMath.sqrt
FNDA:0,ApexMath.sqrt
DA:46,0
BRDA:46,0,1,-
DA:47,0
BRDA:47,0,0,-
DA:49,0
DA:52,0
DA:53,0
DA:57,0
DA:60,0
DA:63,0
DA:69,0
DA:70,0
BRDA:70,1,0,-
DA:72,0
FNF:2
FNH:0
LF:14
LH:0
BRF:3
BRH:0
end_of_record
TN:
SF:src/contracts/libraries/ApexV2Library.sol
DA:12,0
FN:12,ApexV2Library.sortTokens
FNDA:0,ApexV2Library.sortTokens
DA:24,0
BRDA:24,0,0,-
BRDA:24,0,1,-
DA:30,0
BRDA:30,1,0,-
BRDA:30,1,1,-
DA:36,0
DA:48,0
FN:48,ApexV2Library.pairFor
FNDA:0,ApexV2Library.pairFor
DA:58,0
DA:66,0
BRDA:66,2,0,-
BRDA:66,2,1,-
DA:77,0
FN:77,ApexV2Library.getReserves
FNDA:0,ApexV2Library.getReserves
DA:91,0
DA:92,0
DA:100,0
DA:105,0
DA:110,0
DA:114,0
DA:121,0
BRDA:121,3,1,-
DA:122,0
BRDA:122,3,0,-
DA:124,0
DA:125,0
DA:131,0
DA:132,0
DA:142,0
FN:142,ApexV2Library.quote
FNDA:0,ApexV2Library.quote
DA:152,0
BRDA:152,4,0,-
BRDA:152,4,1,-
DA:158,0
BRDA:158,5,0,-
BRDA:158,5,1,-
DA:165,0
DA:177,0
FN:177,ApexV2Library.getAmountOut
FNDA:0,ApexV2Library.getAmountOut
DA:187,0
BRDA:187,6,0,-
BRDA:187,6,1,-
DA:193,0
BRDA:193,7,0,-
BRDA:193,7,1,-
DA:201,0
DA:202,0
DA:207,0
DA:208,0
DA:213,0
DA:214,0
DA:221,0
DA:231,0
FN:231,ApexV2Library.getAmountsOut
FNDA:0,ApexV2Library.getAmountsOut
DA:242,0
BRDA:242,8,0,-
BRDA:242,8,1,-
DA:248,0
DA:254,0
DA:260,0
DA:261,0
DA:262,0
DA:266,0
DA:270,0
DA:277,0
DA:293,0
FN:293,ApexV2Library.getAmountsForLiquidity
FNDA:0,ApexV2Library.getAmountsForLiquidity
DA:309,0
DA:313,0
DA:321,0
BRDA:321,9,1,-
DA:322,0
DA:323,0
DA:325,0
BRDA:325,9,0,-
DA:327,0
DA:328,0
DA:334,0
DA:335,0
DA:342,0
BRDA:342,10,1,-
DA:343,0
DA:345,0
BRDA:345,10,0,-
DA:347,0
DA:348,0
DA:354,0
DA:362,0
FNF:7
FNH:0
LF:62
LH:0
BRF:22
BRH:0
end_of_record
TN:
SF:src/contracts/libraries/SafeTransfer.sol
DA:6,0
FN:6,SafeTransfer.safeTransferFrom
FNDA:0,SafeTransfer.safeTransferFrom
DA:14,0
DA:15,0
DA:24,0
BRDA:24,0,0,-
BRDA:24,0,1,-
DA:26,0
BRDA:26,1,0,-
BRDA:26,1,1,-
DA:32,0
FN:32,SafeTransfer.safeTransfer
FNDA:0,SafeTransfer.safeTransfer
DA:39,0
DA:40,0
DA:48,0
BRDA:48,2,0,-
BRDA:48,2,1,-
DA:50,0
BRDA:50,3,0,-
BRDA:50,3,1,-
FNF:2
FNH:0
LF:10
LH:0
BRF:8
BRH:0
end_of_record
TN:
SF:src/contracts/libraries/UQ112x112.sol
DA:21,0
FN:21,UQ112x112.encode
FNDA:0,UQ112x112.encode
DA:29,0
DA:43,0
FN:43,UQ112x112.uqdiv
FNDA:0,UQ112x112.uqdiv
DA:52,0
BRDA:52,0,0,-
BRDA:52,0,1,-
DA:58,0
FNF:2
FNH:0
LF:5
LH:0
BRF:2
BRH:0
end_of_record
TN:
SF:src/contracts/security/AntiSniper.sol
DA:69,0
FN:69,AntiSniper.onlyOwner
FNDA:0,AntiSniper.onlyOwner
DA:71,0
BRDA:71,0,0,-
BRDA:71,0,1,-
DA:86,0
FN:86,AntiSniper.constructor
FNDA:0,AntiSniper.constructor
DA:88,0
DA:92,0
DA:104,0
FN:104,AntiSniper.startLaunch
FNDA:0,AntiSniper.startLaunch
DA:114,0
BRDA:114,1,0,-
BRDA:114,1,1,-
DA:121,0
DA:126,0
DA:131,0
DA:136,0
DA:141,0
DA:146,0
DA:160,0
FN:160,AntiSniper.disableProtection
FNDA:0,AntiSniper.disableProtection
DA:165,0
DA:169,0
DA:181,0
FN:181,AntiSniper.setBlacklist
FNDA:0,AntiSniper.setBlacklist
DA:190,0
DA:194,0
DA:209,0
FN:209,AntiSniper.setWhitelist
FNDA:0,AntiSniper.setWhitelist
DA:218,0
DA:222,0
DA:237,0
FN:237,AntiSniper.setLimits
FNDA:0,AntiSniper.setLimits
DA:245,0
DA:249,0
DA:253,0
DA:268,0
FN:268,AntiSniper.checkBuy
FNDA:0,AntiSniper.checkBuy
DA:279,0
DA:280,0
BRDA:280,2,0,-
DA:281,0
DA:289,0
BRDA:289,3,0,-
DA:290,0
DA:296,0
BRDA:296,4,0,-
BRDA:296,4,1,-
DA:304,0
BRDA:304,5,0,-
BRDA:304,5,1,-
DA:313,0
BRDA:313,6,0,-
BRDA:313,6,1,-
DA:321,0
BRDA:321,7,0,-
BRDA:321,7,1,-
DA:329,0
DA:338,0
FN:338,AntiSniper.transferOwnership
FNDA:0,AntiSniper.transferOwnership
DA:345,0
BRDA:345,8,0,-
BRDA:345,8,1,-
DA:351,0
FNF:9
FNH:0
LF:40
LH:0
BRF:16
BRH:0
end_of_record
TN:
SF:src/contracts/test/FakePair.sol
DA:15,0
FN:15,FakePair.constructor
FNDA:0,FakePair.constructor
DA:20,0
DA:21,0
DA:27,0
FN:27,FakePair.getReserves
FNDA:0,FakePair.getReserves
DA:36,0
DA:47,0
FN:47,FakePair.mint
FNDA:0,FakePair.mint
DA:54,0
DA:56,0
FNF:3
FNH:0
LF:8
LH:0
BRF:0
BRH:0
end_of_record
TN:
SF:src/contracts/test/FalseReturnERC20.sol
DA:21,0
FN:21,FalseReturnERC20.mint
FNDA:0,FalseReturnERC20.mint
DA:28,0
DA:30,0
DA:38,0
FN:38,FalseReturnERC20.approve
FNDA:0,FalseReturnERC20.approve
DA:46,0
DA:48,0
DA:56,0
FN:56,FalseReturnERC20.transfer
FNDA:0,FalseReturnERC20.transfer
DA:64,0
DA:66,0
DA:69,0
DA:77,0
FN:77,FalseReturnERC20.transferFrom
FNDA:0,FalseReturnERC20.transferFrom
DA:87,0
DA:90,0
DA:92,0
DA:95,0
FNF:4
FNH:0
LF:15
LH:0
BRF:0
BRH:0
end_of_record
TN:
SF:src/contracts/test/FeeOnTransferERC20.sol
DA:27,0
FN:27,FeeOnTransferERC20.constructor
FNDA:0,FeeOnTransferERC20.constructor
DA:32,0
DA:34,0
DA:43,0
FN:43,FeeOnTransferERC20.mint
FNDA:0,FeeOnTransferERC20.mint
DA:50,0
DA:52,0
DA:61,0
FN:61,FeeOnTransferERC20.transfer
FNDA:0,FeeOnTransferERC20.transfer
DA:70,0
DA:71,0
DA:75,0
DA:76,0
DA:80,0
DA:83,0
DA:86,0
DA:90,0
FNF:3
FNH:0
LF:15
LH:0
BRF:0
BRH:0
end_of_record
TN:
SF:src/contracts/test/FlashLoanAttacker.sol
DA:63,0
FN:63,FlashLoanAttacker.constructor
FNDA:0,FlashLoanAttacker.constructor
DA:68,0
DA:71,0
DA:81,0
FN:81,FlashLoanAttacker.attackToken0
FNDA:0,FlashLoanAttacker.attackToken0
DA:87,0
DA:104,0
FN:104,FlashLoanAttacker.attackToken1
FNDA:0,FlashLoanAttacker.attackToken1
DA:110,0
DA:129,0
FN:129,FlashLoanAttacker.apexV2Call
FNDA:0,FlashLoanAttacker.apexV2Call
DA:143,0
BRDA:143,0,0,-
DA:145,0
DA:146,0
DA:150,0
DA:160,0
BRDA:160,1,0,-
DA:162,0
DA:163,0
DA:167,0
FNF:4
FNH:0
LF:16
LH:0
BRF:2
BRH:0
end_of_record
TN:
SF:src/contracts/test/FlashSwapAttacker.sol
DA:31,0
FN:31,FlashSwapAttacker.execute
FNDA:0,FlashSwapAttacker.execute
DA:39,0
DA:52,0
FN:52,FlashSwapAttacker.apexV2Call
FNDA:0,FlashSwapAttacker.apexV2Call
DA:63,0
BRDA:63,0,0,-
DA:64,0
DA:74,0
FN:74,FlashSwapAttacker.setAttack
FNDA:0,FlashSwapAttacker.setAttack
DA:79,0
FNF:3
FNH:0
LF:7
LH:0
BRF:1
BRH:0
end_of_record
TN:
SF:src/contracts/test/FlashSwapRepayer.sol
DA:36,0
FN:36,FlashSwapRepayer.execute
FNDA:0,FlashSwapRepayer.execute
DA:41,0
DA:49,0
FN:49,FlashSwapRepayer.ApexV2Call
FNDA:0,FlashSwapRepayer.ApexV2Call
DA:55,0
DA:56,0
DA:57,0
DA:60,0
DA:61,0
DA:63,0
BRDA:63,0,0,-
DA:64,0
DA:67,0
BRDA:67,1,0,-
DA:68,0
FNF:2
FNH:0
LF:12
LH:0
BRF:2
BRH:0
end_of_record
TN:
SF:src/contracts/test/MaliciousERC20.sol
DA:36,0
FN:36,MaliciousERC20.constructor
FNDA:0,MaliciousERC20.constructor
DA:38,0
DA:49,0
FN:49,MaliciousERC20._mint
FNDA:0,MaliciousERC20._mint
DA:56,0
DA:58,0
DA:69,0
FN:69,MaliciousERC20.approve
FNDA:0,MaliciousERC20.approve
DA:78,0
DA:83,0
DA:95,0
FN:95,MaliciousERC20.transfer
FNDA:0,MaliciousERC20.transfer
DA:105,0
BRDA:105,0,0,-
DA:106,0
DA:114,0
BRDA:114,1,0,-
DA:115,0
DA:120,0
BRDA:120,2,0,-
BRDA:120,2,1,-
DA:127,0
DA:131,0
DA:136,0
DA:148,0
FN:148,MaliciousERC20.transferFrom
FNDA:0,MaliciousERC20.transferFrom
DA:159,0
BRDA:159,3,0,-
DA:160,0
DA:169,0
BRDA:169,4,0,-
DA:170,0
DA:176,0
BRDA:176,5,0,-
BRDA:176,5,1,-
DA:183,0
BRDA:183,6,0,-
BRDA:183,6,1,-
DA:191,0
DA:196,0
DA:201,0
DA:207,0
DA:219,0
FN:219,MaliciousERC20.setFailTransferFrom
FNDA:0,MaliciousERC20.setFailTransferFrom
DA:225,0
DA:236,0
FN:236,MaliciousERC20.setFailTransfer
FNDA:0,MaliciousERC20.setFailTransfer
DA:242,0
DA:252,0
FN:252,MaliciousERC20.setRevertTransferFrom
FNDA:0,MaliciousERC20.setRevertTransferFrom
DA:258,0
DA:268,0
FN:268,MaliciousERC20.setRevertTransfer
FNDA:0,MaliciousERC20.setRevertTransfer
DA:274,0
FNF:9
FNH:0
LF:36
LH:0
BRF:10
BRH:0
end_of_record
TN:
SF:src/contracts/test/MaliciousFactory.sol
DA:16,0
FN:16,MaliciousFactory.constructor
FNDA:0,MaliciousFactory.constructor
DA:19,0
DA:24,0
FN:24,MaliciousFactory.getPair
FNDA:0,MaliciousFactory.getPair
DA:32,0
DA:38,0
FN:38,MaliciousFactory.createPair
FNDA:0,MaliciousFactory.createPair
DA:46,0
FNF:3
FNH:0
LF:6
LH:0
BRF:0
BRH:0
end_of_record
TN:
SF:src/contracts/test/MockBadRouter.sol
DA:8,0
FN:8,MockBadRouter.addLiquidity
FNDA:0,MockBadRouter.addLiquidity
DA:27,0
FNF:1
FNH:0
LF:2
LH:0
BRF:0
BRH:0
end_of_record
TN:
SF:src/contracts/test/MockERC20.sol
DA:36,0
FN:36,MockERC20.constructor
FNDA:0,MockERC20.constructor
DA:41,0
DA:42,0
DA:52,0
FN:52,MockERC20.transfer
FNDA:0,MockERC20.transfer
DA:60,0
BRDA:60,0,0,-
BRDA:60,0,1,-
DA:66,0
BRDA:66,1,0,-
BRDA:66,1,1,-
DA:73,0
DA:75,0
DA:79,0
DA:87,0
DA:99,0
FN:99,MockERC20.approve
FNDA:0,MockERC20.approve
DA:108,0
DA:112,0
DA:120,0
DA:132,0
FN:132,MockERC20.transferFrom
FNDA:0,MockERC20.transferFrom
DA:142,0
BRDA:142,2,0,-
BRDA:142,2,1,-
DA:149,0
BRDA:149,3,0,-
BRDA:149,3,1,-
DA:156,0
DA:161,0
BRDA:161,4,0,-
BRDA:161,4,1,-
DA:168,0
DA:173,0
DA:176,0
DA:180,0
DA:188,0
DA:200,0
FN:200,MockERC20.mint
FNDA:0,MockERC20.mint
DA:207,0
BRDA:207,5,0,-
BRDA:207,5,1,-
DA:214,0
DA:217,0
DA:221,0
DA:237,0
FN:237,MockERC20.burn
FNDA:0,MockERC20.burn
DA:243,0
BRDA:243,6,0,-
BRDA:243,6,1,-
DA:250,0
DA:253,0
DA:257,0
FNF:6
FNH:0
LF:34
LH:0
BRF:14
BRH:0
end_of_record
TN:
SF:src/contracts/test/MockFactory.sol
DA:16,0
FN:16,MockFactory.constructor
FNDA:0,MockFactory.constructor
DA:18,0
DA:23,0
FN:23,MockFactory.feeTo
FNDA:0,MockFactory.feeTo
DA:28,0
DA:33,0
FN:33,MockFactory.setFeeTo
FNDA:0,MockFactory.setFeeTo
DA:38,0
DA:43,0
FN:43,MockFactory.createPair
FNDA:0,MockFactory.createPair
DA:51,0
BRDA:51,0,0,-
BRDA:51,0,1,-
DA:57,0
BRDA:57,1,0,-
BRDA:57,1,1,-
DA:65,0
DA:70,0
DA:78,0
BRDA:78,2,0,-
BRDA:78,2,1,-
DA:85,0
DA:86,0
DA:90,0
DA:97,0
DA:102,0
DA:106,0
FNF:4
FNH:0
LF:18
LH:0
BRF:6
BRH:0
end_of_record
TN:
SF:src/contracts/test/MockFeeToken.sol
DA:42,0
FN:42,MockFeeToken.mint
FNDA:0,MockFeeToken.mint
DA:48,0
DA:49,0
DA:51,0
DA:62,0
FN:62,MockFeeToken.approve
FNDA:0,MockFeeToken.approve
DA:70,0
DA:73,0
DA:80,0
DA:86,0
FN:86,MockFeeToken.transfer
FNDA:0,MockFeeToken.transfer
DA:94,0
DA:95,0
DA:98,0
DA:99,0
DA:103,0
DA:105,0
DA:109,0
DA:113,0
DA:120,0
DA:127,0
FN:127,MockFeeToken.transferFrom
FNDA:0,MockFeeToken.transferFrom
DA:137,0
DA:141,0
DA:142,0
BRDA:142,0,0,-
DA:143,0
DA:149,0
DA:150,0
DA:153,0
DA:154,0
DA:158,0
DA:160,0
DA:163,0
DA:167,0
DA:174,0
FNF:4
FNH:0
LF:32
LH:0
BRF:1
BRH:0
end_of_record
TN:
SF:src/contracts/test/MockReentrantRouter.sol
DA:39,0
FN:39,MockReentrantRouter.constructor
FNDA:0,MockReentrantRouter.constructor
DA:43,0
DA:50,0
FN:50,MockReentrantRouter.setAttack
FNDA:0,MockReentrantRouter.setAttack
DA:58,0
DA:60,0
DA:62,0
DA:64,0
DA:74,0
FN:74,MockReentrantRouter.addLiquidity
FNDA:0,MockReentrantRouter.addLiquidity
DA:95,0
BRDA:95,0,0,-
DA:97,0
DA:100,0
DA:112,0
FNF:3
FNH:0
LF:12
LH:0
BRF:1
BRH:0
end_of_record
TN:
SF:src/contracts/test/MockRouter.sol
DA:8,0
FN:8,MockRouter.addLiquidity
FNDA:0,MockRouter.addLiquidity
DA:27,0
DA:29,0
DA:31,0
FNF:1
FNH:0
LF:4
LH:0
BRF:0
BRH:0
end_of_record
TN:
SF:src/contracts/test/MockZeroLiquidityRouter.sol
DA:8,0
FN:8,MockZeroLiquidityRouter.addLiquidity
FNDA:0,MockZeroLiquidityRouter.addLiquidity
DA:27,0
FNF:1
FNH:0
LF:2
LH:0
BRF:0
BRH:0
end_of_record
TN:
SF:src/contracts/test/NoReturnERC20.sol
DA:30,0
FN:30,NoReturnERC20.constructor
FNDA:0,NoReturnERC20.constructor
DA:32,0
DA:44,0
FN:44,NoReturnERC20._mint
FNDA:0,NoReturnERC20._mint
DA:51,0
DA:53,0
DA:65,0
FN:65,NoReturnERC20.mint
FNDA:0,NoReturnERC20.mint
DA:72,0
DA:87,0
FN:87,NoReturnERC20.approve
FNDA:0,NoReturnERC20.approve
DA:94,0
DA:111,0
FN:111,NoReturnERC20.transfer
FNDA:0,NoReturnERC20.transfer
DA:118,0
BRDA:118,0,0,-
BRDA:118,0,1,-
DA:124,0
DA:128,0
DA:144,0
FN:144,NoReturnERC20.transferFrom
FNDA:0,NoReturnERC20.transferFrom
DA:152,0
BRDA:152,1,0,-
BRDA:152,1,1,-
DA:158,0
BRDA:158,2,0,-
BRDA:158,2,1,-
DA:165,0
DA:170,0
DA:174,0
FNF:6
FNH:0
LF:19
LH:0
BRF:6
BRH:0
end_of_record
TN:
SF:src/contracts/test/RebaseERC20.sol
DA:43,0
FN:43,RebaseERC20.constructor
FNDA:0,RebaseERC20.constructor
DA:48,0
DA:49,0
DA:55,0
FN:55,RebaseERC20.totalSupply
FNDA:0,RebaseERC20.totalSupply
DA:60,0
DA:61,0
DA:71,0
FN:71,RebaseERC20.balanceOf
FNDA:0,RebaseERC20.balanceOf
DA:78,0
DA:79,0
DA:89,0
FN:89,RebaseERC20.mint
FNDA:0,RebaseERC20.mint
DA:96,0
DA:97,0
DA:104,0
DA:106,0
DA:109,0
DA:119,0
FN:119,RebaseERC20.transfer
FNDA:0,RebaseERC20.transfer
DA:127,0
DA:128,0
DA:135,0
BRDA:135,0,0,-
BRDA:135,0,1,-
DA:141,0
DA:145,0
DA:149,0
DA:156,0
DA:163,0
FN:163,RebaseERC20.approve
FNDA:0,RebaseERC20.approve
DA:171,0
DA:175,0
DA:182,0
DA:189,0
FN:189,RebaseERC20.transferFrom
FNDA:0,RebaseERC20.transferFrom
DA:198,0
DA:202,0
BRDA:202,1,0,-
BRDA:202,1,1,-
DA:209,0
DA:211,0
BRDA:211,2,0,-
DA:212,0
DA:219,0
DA:220,0
DA:228,0
BRDA:228,3,0,-
BRDA:228,3,1,-
DA:234,0
DA:238,0
DA:243,0
DA:250,0
DA:257,0
FN:257,RebaseERC20.rebase
FNDA:0,RebaseERC20.rebase
DA:263,0
BRDA:263,4,0,-
BRDA:263,4,1,-
DA:269,0
FNF:8
FNH:0
LF:43
LH:0
BRF:9
BRH:0
end_of_record
TN:
SF:src/contracts/test/ReentrantERC20.sol
DA:57,0
FN:57,ReentrantERC20.constructor
FNDA:0,ReentrantERC20.constructor
DA:61,0
DA:64,0
DA:68,0
DA:76,0
FN:76,ReentrantERC20.setAttack
FNDA:0,ReentrantERC20.setAttack
DA:83,0
DA:85,0
DA:94,0
FN:94,ReentrantERC20.approve
FNDA:0,ReentrantERC20.approve
DA:102,0
DA:106,0
DA:115,0
FN:115,ReentrantERC20.transfer
FNDA:0,ReentrantERC20.transfer
DA:124,0
DA:126,0
DA:129,0
DA:139,0
FN:139,ReentrantERC20.transferFrom
FNDA:0,ReentrantERC20.transferFrom
DA:149,0
DA:153,0
DA:155,0
DA:161,0
DA:162,0
DA:163,0
BRDA:163,0,0,-
DA:166,0
DA:170,0
DA:195,0
FNF:5
FNH:0
LF:24
LH:0
BRF:1
BRH:0
end_of_record
TN:
SF:src/contracts/test/TestApexV2ERC20.sol
DA:10,0
FN:10,TestApexV2ERC20.mint
FNDA:0,TestApexV2ERC20.mint
DA:16,0
DA:24,0
FN:24,TestApexV2ERC20.burn
FNDA:0,TestApexV2ERC20.burn
DA:29,0
FNF:2
FNH:0
LF:4
LH:0
BRF:0
BRH:0
end_of_record
TN:
SF:src/contracts/test/TestPermitToken.sol
DA:16,0
FN:16,TestPermitToken.mint
FNDA:0,TestPermitToken.mint
DA:22,0
FNF:1
FNH:0
LF:2
LH:0
BRF:0
BRH:0
end_of_record
TN:
SF:src/contracts/test/WETH9.sol
DA:45,0
FN:45,WETH9.receive
FNDA:0,WETH9.receive
DA:49,0
DA:54,0
FN:54,WETH9.deposit
FNDA:0,WETH9.deposit
DA:59,0
DA:62,0
DA:71,0
FN:71,WETH9.withdraw
FNDA:0,WETH9.withdraw
DA:77,0
BRDA:77,0,0,-
BRDA:77,0,1,-
DA:83,0
DA:86,0
DA:91,0
DA:100,0
FN:100,WETH9.transfer
FNDA:0,WETH9.transfer
DA:108,0
BRDA:108,1,0,-
BRDA:108,1,1,-
DA:114,0
DA:115,0
DA:118,0
DA:125,0
DA:132,0
FN:132,WETH9.approve
FNDA:0,WETH9.approve
DA:140,0
DA:143,0
DA:150,0
DA:157,0
FN:157,WETH9.transferFrom
FNDA:0,WETH9.transferFrom
DA:167,0
BRDA:167,2,0,-
BRDA:167,2,1,-
DA:173,0
BRDA:173,3,0,-
DA:175,0
BRDA:175,4,0,-
BRDA:175,4,1,-
DA:181,0
DA:186,0
DA:187,0
DA:191,0
DA:198,0
FNF:6
FNH:0
LF:29
LH:0
BRF:9
BRH:0
end_of_record
TN:
SF:src/contracts/token/ApexToken.sol
DA:51,70
FN:51,ApexToken.constructor
FNDA:70,ApexToken.constructor
DA:72,70
BRDA:72,0,0,70
BRDA:72,0,1,65
DA:84,70
DA:90,70
DA:96,70
DA:102,70
DA:108,70
DA:114,70
DA:126,15
FN:126,ApexToken.pause
FNDA:15,ApexToken.pause
DA:130,0
DA:137,4
FN:137,ApexToken.unpause
FNDA:4,ApexToken.unpause
DA:141,0
DA:148,924
FN:148,ApexToken._update
FNDA:924,ApexToken._update
DA:157,924
BRDA:157,1,0,0
BRDA:157,1,1,0
DA:163,924
FNF:4
FNH:4
LF:15
LH:13
BRF:4
BRH:2
end_of_record
TN:
SF:src/contracts/token/TokenLocker.sol
DA:37,0
FN:37,TokenLocker.lockTokens
FNDA:0,TokenLocker.lockTokens
DA:42,0
BRDA:42,0,0,-
BRDA:42,0,1,-
DA:43,0
BRDA:43,1,0,-
BRDA:43,1,1,-
DA:46,0
BRDA:46,2,0,-
BRDA:46,2,1,-
DA:48,0
DA:50,0
DA:52,0
DA:60,0
DA:64,0
FN:64,TokenLocker.unlock
FNDA:0,TokenLocker.unlock
DA:65,0
DA:67,0
BRDA:67,3,0,-
BRDA:67,3,1,-
DA:68,0
BRDA:68,4,0,-
BRDA:68,4,1,-
DA:69,0
BRDA:69,5,0,-
BRDA:69,5,1,-
DA:70,0
BRDA:70,6,0,-
BRDA:70,6,1,-
DA:72,0
DA:73,0
DA:75,0
DA:79,0
FN:79,TokenLocker.getLock
FNDA:0,TokenLocker.getLock
DA:90,0
DA:91,0
FNF:3
FNH:0
LF:20
LH:0
BRF:14
BRH:0
end_of_record
TN:
SF:src/contracts/token/TokenVesting.sol
DA:56,0
FN:56,TokenVesting.constructor
FNDA:0,TokenVesting.constructor
DA:66,0
BRDA:66,0,0,-
BRDA:66,0,1,-
DA:72,0
BRDA:72,1,0,-
BRDA:72,1,1,-
DA:78,0
BRDA:78,2,0,-
BRDA:78,2,1,-
DA:84,0
BRDA:84,3,0,-
BRDA:84,3,1,-
DA:90,0
DA:94,0
DA:98,0
DA:102,0
DA:106,0
DA:110,0
DA:119,0
FN:119,TokenVesting.release
FNDA:0,TokenVesting.release
DA:124,0
DA:126,0
BRDA:126,4,0,-
DA:127,0
DA:132,0
DA:133,0
DA:137,0
DA:138,0
BRDA:138,5,0,-
DA:139,0
DA:144,0
DA:148,0
DA:149,0
DA:155,0
DA:156,0
BRDA:156,6,0,-
DA:157,0
DA:166,0
FN:166,TokenVesting.releasableAmount
FNDA:0,TokenVesting.releasableAmount
DA:172,0
DA:173,0
DA:185,0
FN:185,TokenVesting.vestedAmount
FNDA:0,TokenVesting.vestedAmount
DA:193,0
DA:194,0
BRDA:194,7,0,-
DA:195,0
DA:200,0
DA:201,0
BRDA:201,8,0,-
DA:202,0
DA:207,0
DA:208,0
FNF:4
FNH:0
LF:38
LH:0
BRF:13
BRH:0
end_of_record
TN:
SF:test/ApexV2ERC20EdgeCases.t.sol
DA:14,0
FN:14,BadERC20.constructor
FNDA:0,BadERC20.constructor
DA:15,0
DA:18,0
FN:18,BadERC20.transfer
FNDA:0,BadERC20.transfer
DA:19,0
BRDA:19,0,0,-
DA:20,0
DA:22,0
DA:23,0
DA:24,0
DA:27,0
FN:27,BadERC20.approve
FNDA:0,BadERC20.approve
DA:28,0
DA:29,0
DA:32,0
FN:32,BadERC20.transferFrom
FNDA:0,BadERC20.transferFrom
DA:33,0
DA:34,0
DA:35,0
DA:36,0
FNF:4
FNH:0
LF:16
LH:0
BRF:1
BRH:0
end_of_record
TN:
SF:test/ApexV2FullFuzz.t.sol
DA:18,0
FN:18,ApexV2FullFuzzHandler.constructor
FNDA:0,ApexV2FullFuzzHandler.constructor
DA:19,0
DA:20,0
DA:21,0
DA:22,0
DA:25,0
FN:25,ApexV2FullFuzzHandler.addLiquidity
FNDA:0,ApexV2FullFuzzHandler.addLiquidity
DA:26,0
DA:27,0
DA:29,0
DA:30,0
DA:32,0
DA:33,0
DA:35,0
BRDA:35,0,0,-
DA:45,0
DA:49,0
FN:49,ApexV2FullFuzzHandler.removeLiquidity
FNDA:0,ApexV2FullFuzzHandler.removeLiquidity
DA:50,0
DA:51,0
BRDA:51,1,0,-
DA:52,0
DA:54,0
DA:56,0
BRDA:56,2,0,-
DA:65,0
DA:69,0
FN:69,ApexV2FullFuzzHandler.swap
FNDA:0,ApexV2FullFuzzHandler.swap
DA:70,0
DA:72,0
DA:73,0
DA:74,0
DA:76,0
DA:77,0
DA:78,0
DA:80,0
BRDA:80,3,0,-
DA:87,0
DA:91,0
FN:91,ApexV2FullFuzzHandler.sync
FNDA:0,ApexV2FullFuzzHandler.sync
DA:92,0
BRDA:92,4,0,-
DA:93,0
DA:97,0
FN:97,ApexV2FullFuzzHandler.skim
FNDA:0,ApexV2FullFuzzHandler.skim
DA:98,0
BRDA:98,5,0,-
DA:99,0
DA:103,0
FN:103,ApexV2FullFuzzHandler.donate
FNDA:0,ApexV2FullFuzzHandler.donate
DA:104,0
DA:105,0
DA:106,0
FNF:7
FNH:0
LF:41
LH:0
BRF:6
BRH:0
end_of_record
TN:
SF:test/ApexV2PairMaliciousERC20Advanced.t.sol
DA:22,0
FN:22,FalseReturnERC20.constructor
FNDA:0,FalseReturnERC20.constructor
DA:24,0
DA:26,0
DA:27,0
DA:32,0
FN:32,FalseReturnERC20.transfer
FNDA:0,FalseReturnERC20.transfer
DA:39,0
DA:41,0
DA:46,0
DA:51,0
FN:51,FalseReturnERC20.approve
FNDA:0,FalseReturnERC20.approve
DA:58,0
DA:63,0
DA:68,0
FN:68,FalseReturnERC20.transferFrom
FNDA:0,FalseReturnERC20.transferFrom
DA:76,0
DA:80,0
BRDA:80,0,0,-
BRDA:80,0,1,-
DA:86,0
DA:90,0
DA:92,0
DA:97,0
DA:102,0
FN:102,FalseReturnERC20.mint
FNDA:0,FalseReturnERC20.mint
DA:108,0
DA:110,0
FNF:5
FNH:0
LF:21
LH:0
BRF:2
BRH:0
end_of_record
TN:
SF:test/ApexV2RouterETHSecurity.t.sol
DA:23,0
FN:23,MockWETH.deposit
FNDA:0,MockWETH.deposit
DA:27,0
DA:32,0
FN:32,MockWETH.withdraw
FNDA:0,MockWETH.withdraw
DA:37,0
BRDA:37,0,0,-
BRDA:37,0,1,-
DA:42,0
DA:45,0
DA:52,0
FN:52,MockWETH.transfer
FNDA:0,MockWETH.transfer
DA:59,0
DA:60,0
DA:62,0
FNF:3
FNH:0
LF:10
LH:0
BRF:2
BRH:0
end_of_record
TN:
SF:test/ApexV2RouterInvariant.t.sol
DA:20,0
FN:20,ApexV2RouterHandler.constructor
FNDA:0,ApexV2RouterHandler.constructor
DA:26,0
DA:27,0
DA:28,0
DA:29,0
DA:32,0
FN:32,ApexV2RouterHandler.addLiquidity
FNDA:0,ApexV2RouterHandler.addLiquidity
DA:33,0
DA:34,0
DA:36,0
DA:37,0
DA:39,0
DA:40,0
DA:42,0
BRDA:42,0,0,-
DA:52,0
DA:56,0
FN:56,ApexV2RouterHandler.swap
FNDA:0,ApexV2RouterHandler.swap
DA:57,0
DA:59,0
DA:60,0
DA:62,0
DA:63,0
DA:64,0
DA:66,0
BRDA:66,1,0,-
DA:73,0
FNF:3
FNH:0
LF:23
LH:0
BRF:2
BRH:0
end_of_record
TN:
SF:test/ApexV2RouterReentrancy.t.sol
DA:26,0
FN:26,ReentrantToken.mint
FNDA:0,ReentrantToken.mint
DA:27,0
DA:28,0
DA:29,0
DA:32,0
FN:32,ReentrantToken.setAttacker
FNDA:0,ReentrantToken.setAttacker
DA:33,0
DA:36,0
FN:36,ReentrantToken.setTrigger
FNDA:0,ReentrantToken.setTrigger
DA:37,0
DA:40,0
FN:40,ReentrantToken.approve
FNDA:0,ReentrantToken.approve
DA:41,0
DA:42,0
DA:43,0
DA:46,0
FN:46,ReentrantToken.transfer
FNDA:0,ReentrantToken.transfer
DA:47,0
BRDA:47,0,0,-
BRDA:47,0,1,-
DA:48,0
DA:49,0
DA:50,0
DA:52,0
BRDA:52,1,0,-
DA:53,0
DA:55,0
DA:58,0
FN:58,ReentrantToken.transferFrom
FNDA:0,ReentrantToken.transferFrom
DA:59,0
BRDA:59,2,0,-
BRDA:59,2,1,-
DA:60,0
BRDA:60,3,0,-
BRDA:60,3,1,-
DA:61,0
DA:62,0
DA:63,0
DA:64,0
DA:65,0
DA:142,0
FN:142,ReentrantAttacker.constructor
FNDA:0,ReentrantAttacker.constructor
DA:148,0
DA:149,0
DA:150,0
DA:151,0
DA:154,0
FN:154,ReentrantAttacker.attackRemoveLiquidity
FNDA:0,ReentrantAttacker.attackRemoveLiquidity
DA:155,0
DA:156,0
DA:158,0
DA:169,0
FN:169,ReentrantAttacker.callback
FNDA:0,ReentrantAttacker.callback
DA:170,0
DA:171,0
DA:172,0
DA:175,0
FNF:9
FNH:0
LF:42
LH:0
BRF:7
BRH:0
end_of_record
TN:
SF:test/ApexV2SwapFuzz.t.sol
DA:18,0
FN:18,ApexV2SwapFuzzHandler.constructor
FNDA:0,ApexV2SwapFuzzHandler.constructor
DA:19,0
DA:20,0
DA:21,0
DA:22,0
DA:25,0
FN:25,ApexV2SwapFuzzHandler.fuzzSwap
FNDA:0,ApexV2SwapFuzzHandler.fuzzSwap
DA:26,0
DA:28,0
DA:29,0
DA:30,0
DA:32,0
DA:33,0
DA:34,0
DA:36,0
BRDA:36,0,0,-
DA:43,0
FNF:2
FNH:0
LF:15
LH:0
BRF:1
BRH:0
end_of_record
TN:
SF:test/SafeTransferTest.t.sol
DA:14,0
FN:14,SafeTransferHarness.safeTransferFrom
FNDA:0,SafeTransferHarness.safeTransferFrom
DA:22,0
DA:30,0
FN:30,SafeTransferHarness.safeTransfer
FNDA:0,SafeTransferHarness.safeTransfer
DA:37,0
DA:48,0
FN:48,FalseReturnToken.transfer.0
FNDA:0,FalseReturnToken.transfer.0
DA:56,0
DA:59,0
FN:59,FalseReturnToken.transferFrom.0
FNDA:0,FalseReturnToken.transferFrom.0
DA:68,0
DA:75,0
FN:75,NoReturnToken.transfer.1
FNDA:0,NoReturnToken.transfer.1
DA:83,0
FN:83,NoReturnToken.transferFrom.1
FNDA:0,NoReturnToken.transferFrom.1
DA:96,0
FN:96,RevertingToken.transfer.2
FNDA:0,RevertingToken.transfer.2
DA:103,0
DA:106,0
FN:106,RevertingToken.transferFrom.2
FNDA:0,RevertingToken.transferFrom.2
DA:114,0
DA:121,0
FN:121,BadReturnToken.transfer.3
FNDA:0,BadReturnToken.transfer.3
DA:129,0
DA:130,0
DA:134,0
FN:134,BadReturnToken.transferFrom.3
FNDA:0,BadReturnToken.transferFrom.3
DA:143,0
DA:144,0
FNF:10
FNH:0
LF:20
LH:0
BRF:0
BRH:0
end_of_record
TN:
SF:test/attacks/FlashSwapAttacker.sol
DA:20,0
FN:20,FlashSwapAttacker.constructor
FNDA:0,FlashSwapAttacker.constructor
DA:24,0
DA:29,0
FN:29,FlashSwapAttacker.setRepay
FNDA:0,FlashSwapAttacker.setRepay
DA:34,0
DA:39,0
FN:39,FlashSwapAttacker.attack
FNDA:0,FlashSwapAttacker.attack
DA:46,0
DA:58,0
FN:58,FlashSwapAttacker.apexV2Call
FNDA:0,FlashSwapAttacker.apexV2Call
DA:69,0
DA:70,0
BRDA:70,0,0,-
DA:71,0
DA:76,0
DA:77,0
DA:82,0
DA:83,0
DA:91,0
DA:92,0
BRDA:92,1,0,-
DA:94,0
DA:95,0
DA:98,0
DA:109,0
DA:110,0
BRDA:110,2,0,-
DA:112,0
DA:113,0
DA:116,0
FNF:4
FNH:0
LF:24
LH:0
BRF:3
BRH:0
end_of_record
TN:
SF:test/attacks/ReentrantSwapAttacker.sol
DA:15,0
FN:15,ReentrantSwapAttacker.constructor
FNDA:0,ReentrantSwapAttacker.constructor
DA:18,0
DA:23,0
FN:23,ReentrantSwapAttacker.attack
FNDA:0,ReentrantSwapAttacker.attack
DA:27,0
DA:40,0
FN:40,ReentrantSwapAttacker.apexV2Call
FNDA:0,ReentrantSwapAttacker.apexV2Call
DA:49,0
DA:54,0
FNF:3
FNH:0
LF:7
LH:0
BRF:0
BRH:0
end_of_record
TN:
SF:test/handlers/ApexV2PairHandler.sol
DA:35,0
FN:35,ApexV2PairHandler.constructor
FNDA:0,ApexV2PairHandler.constructor
DA:42,0
DA:44,0
DA:46,0
DA:50,0
DA:56,0
DA:74,0
FN:74,ApexV2PairHandler.addLiquidity
FNDA:0,ApexV2PairHandler.addLiquidity
DA:82,0
DA:89,0
DA:99,0
DA:105,0
DA:114,0
DA:120,0
DA:129,0
DA:135,0
DA:150,0
FN:150,ApexV2PairHandler.removeLiquidity
FNDA:0,ApexV2PairHandler.removeLiquidity
DA:157,0
DA:158,0
DA:164,0
DA:165,0
BRDA:165,0,0,-
DA:166,0
DA:173,0
DA:184,0
DA:191,0
DA:197,0
DA:212,0
FN:212,ApexV2PairHandler.swap
FNDA:0,ApexV2PairHandler.swap
DA:219,0
DA:223,0
DA:229,0
DA:230,0
DA:232,0
BRDA:232,1,0,-
DA:233,0
DA:240,0
DA:253,0
DA:261,0
DA:272,0
DA:273,0
DA:291,0
DA:292,0
BRDA:292,2,0,-
DA:293,0
DA:301,0
DA:310,0
DA:326,0
FN:326,ApexV2PairHandler.donation
FNDA:0,ApexV2PairHandler.donation
DA:335,0
DA:344,0
DA:357,0
DA:364,0
DA:375,0
DA:381,0
DA:389,0
DA:404,0
FN:404,ApexV2PairHandler.sync
FNDA:0,ApexV2PairHandler.sync
DA:408,0
DA:411,0
DA:426,0
FN:426,ApexV2PairHandler.skim
FNDA:0,ApexV2PairHandler.skim
DA:430,0
DA:435,0
FNF:7
FNH:0
LF:56
LH:0
BRF:3
BRH:0
end_of_record
